# JRE version: OpenJDK Runtime Environment (8.0_212-b04) (build 1.8.0_212-release-1586-b04)
# Java VM: OpenJDK 64-Bit Server VM (25.212-b04 mixed mode windows-amd64 compressed oops)
Heap:
 PSYoungGen      total 70656K, used 4868K [0x00000000e0000000, 0x00000000e4a00000, 0x0000000100000000)
  eden space 65536K, 7% used [0x00000000e0000000,0x00000000e04c12b8,0x00000000e4000000)
  from space 5120K, 0% used [0x00000000e4500000,0x00000000e4500000,0x00000000e4a00000)
  to   space 5120K, 0% used [0x00000000e4000000,0x00000000e4000000,0x00000000e4500000)
 ParOldGen       total 67072K, used 16914K [0x00000000a0000000, 0x00000000a4180000, 0x00000000e0000000)
  object space 67072K, 25% used [0x00000000a0000000,0x00000000a10849e0,0x00000000a4180000)
 Metaspace       used 34882K, capacity 35750K, committed 36096K, reserved 1081344K
  class space    used 4783K, capacity 5004K, committed 5120K, reserved 1048576K
GC Heap History (10 events):
Event: 6.750 GC heap before
{Heap before GC invocations=6 (full 1):
 PSYoungGen      total 70656K, used 5108K [0x00000000e0000000, 0x00000000e4a00000, 0x0000000100000000)
  eden space 65536K, 0% used [0x00000000e0000000,0x00000000e0000000,0x00000000e4000000)
  from space 5120K, 99% used [0x00000000e4000000,0x00000000e44fd060,0x00000000e4500000)
  to   space 5120K, 0% used [0x00000000e4500000,0x00000000e4500000,0x00000000e4a00000)
 ParOldGen       total 86016K, used 10923K [0x00000000a0000000, 0x00000000a5400000, 0x00000000e0000000)
  object space 86016K, 12% used [0x00000000a0000000,0x00000000a0aaaec8,0x00000000a5400000)
 Metaspace       used 20675K, capacity 21198K, committed 21296K, reserved 1067008K
  class space    used 2982K, capacity 3165K, committed 3200K, reserved 1048576K
Event: 6.840 GC heap after
Heap after GC invocations=6 (full 1):
 PSYoungGen      total 70656K, used 0K [0x00000000e0000000, 0x00000000e4a00000, 0x0000000100000000)
  eden space 65536K, 0% used [0x00000000e0000000,0x00000000e0000000,0x00000000e4000000)
  from space 5120K, 0% used [0x00000000e4000000,0x00000000e4000000,0x00000000e4500000)
  to   space 5120K, 0% used [0x00000000e4500000,0x00000000e4500000,0x00000000e4a00000)
 ParOldGen       total 67072K, used 12026K [0x00000000a0000000, 0x00000000a4180000, 0x00000000e0000000)
  object space 67072K, 17% used [0x00000000a0000000,0x00000000a0bbebe0,0x00000000a4180000)
 Metaspace       used 20675K, capacity 21198K, committed 21296K, reserved 1067008K
  class space    used 2982K, capacity 3165K, committed 3200K, reserved 1048576K
}
Event: 8.506 GC heap before
{Heap before GC invocations=7 (full 1):
 PSYoungGen      total 70656K, used 65536K [0x00000000e0000000, 0x00000000e4a00000, 0x0000000100000000)
  eden space 65536K, 100% used [0x00000000e0000000,0x00000000e4000000,0x00000000e4000000)
  from space 5120K, 0% used [0x00000000e4000000,0x00000000e4000000,0x00000000e4500000)
  to   space 5120K, 0% used [0x00000000e4500000,0x00000000e4500000,0x00000000e4a00000)
 ParOldGen       total 67072K, used 12026K [0x00000000a0000000, 0x00000000a4180000, 0x00000000e0000000)
  object space 67072K, 17% used [0x00000000a0000000,0x00000000a0bbebe0,0x00000000a4180000)
 Metaspace       used 29038K, capacity 29484K, committed 29696K, reserved 1075200K
  class space    used 3904K, capacity 4067K, committed 4096K, reserved 1048576K
Event: 8.525 GC heap after
Heap after GC invocations=7 (full 1):
 PSYoungGen      total 70656K, used 5100K [0x00000000e0000000, 0x00000000e4a00000, 0x0000000100000000)
  eden space 65536K, 0% used [0x00000000e0000000,0x00000000e0000000,0x00000000e4000000)
  from space 5120K, 99% used [0x00000000e4500000,0x00000000e49fb070,0x00000000e4a00000)
  to   space 5120K, 0% used [0x00000000e4000000,0x00000000e4000000,0x00000000e4500000)
 ParOldGen       total 67072K, used 14755K [0x00000000a0000000, 0x00000000a4180000, 0x00000000e0000000)
  object space 67072K, 22% used [0x00000000a0000000,0x00000000a0e68fc0,0x00000000a4180000)
 Metaspace       used 29038K, capacity 29484K, committed 29696K, reserved 1075200K
  class space    used 3904K, capacity 4067K, committed 4096K, reserved 1048576K
}
Event: 10.261 GC heap before
{Heap before GC invocations=8 (full 1):
 PSYoungGen      total 70656K, used 70636K [0x00000000e0000000, 0x00000000e4a00000, 0x0000000100000000)
  eden space 65536K, 100% used [0x00000000e0000000,0x00000000e4000000,0x00000000e4000000)
  from space 5120K, 99% used [0x00000000e4500000,0x00000000e49fb070,0x00000000e4a00000)
  to   space 5120K, 0% used [0x00000000e4000000,0x00000000e4000000,0x00000000e4500000)
 ParOldGen       total 67072K, used 14755K [0x00000000a0000000, 0x00000000a4180000, 0x00000000e0000000)
  object space 67072K, 22% used [0x00000000a0000000,0x00000000a0e68fc0,0x00000000a4180000)
 Metaspace       used 31837K, capacity 32432K, committed 32768K, reserved 1077248K
  class space    used 4357K, capacity 4559K, committed 4608K, reserved 1048576K
Event: 10.340 GC heap after
Heap after GC invocations=8 (full 1):
 PSYoungGen      total 70656K, used 5120K [0x00000000e0000000, 0x00000000e4a00000, 0x0000000100000000)
  eden space 65536K, 0% used [0x00000000e0000000,0x00000000e0000000,0x00000000e4000000)
  from space 5120K, 100% used [0x00000000e4000000,0x00000000e4500000,0x00000000e4500000)
  to   space 5120K, 0% used [0x00000000e4500000,0x00000000e4500000,0x00000000e4a00000)
 ParOldGen       total 67072K, used 18199K [0x00000000a0000000, 0x00000000a4180000, 0x00000000e0000000)
  object space 67072K, 27% used [0x00000000a0000000,0x00000000a11c5ea0,0x00000000a4180000)
 Metaspace       used 31837K, capacity 32432K, committed 32768K, reserved 1077248K
  class space    used 4357K, capacity 4559K, committed 4608K, reserved 1048576K
}
Event: 12.040 GC heap before
{Heap before GC invocations=9 (full 1):
 PSYoungGen      total 70656K, used 63659K [0x00000000e0000000, 0x00000000e4a00000, 0x0000000100000000)
  eden space 65536K, 89% used [0x00000000e0000000,0x00000000e392af28,0x00000000e4000000)
  from space 5120K, 100% used [0x00000000e4000000,0x00000000e4500000,0x00000000e4500000)
  to   space 5120K, 0% used [0x00000000e4500000,0x00000000e4500000,0x00000000e4a00000)
 ParOldGen       total 67072K, used 18199K [0x00000000a0000000, 0x00000000a4180000, 0x00000000e0000000)
  object space 67072K, 27% used [0x00000000a0000000,0x00000000a11c5ea0,0x00000000a4180000)
 Metaspace       used 34557K, capacity 35392K, committed 35456K, reserved 1079296K
  class space    used 4724K, capacity 4957K, committed 4992K, reserved 1048576K
Event: 12.069 GC heap after
Heap after GC invocations=9 (full 1):
 PSYoungGen      total 70656K, used 5104K [0x00000000e0000000, 0x00000000e4a00000, 0x0000000100000000)
  eden space 65536K, 0% used [0x00000000e0000000,0x00000000e0000000,0x00000000e4000000)
  from space 5120K, 99% used [0x00000000e4500000,0x00000000e49fc010,0x00000000e4a00000)
  to   space 5120K, 0% used [0x00000000e4000000,0x00000000e4000000,0x00000000e4500000)
 ParOldGen       total 67072K, used 22254K [0x00000000a0000000, 0x00000000a4180000, 0x00000000e0000000)
  object space 67072K, 33% used [0x00000000a0000000,0x00000000a15bb848,0x00000000a4180000)
 Metaspace       used 34557K, capacity 35392K, committed 35456K, reserved 1079296K
  class space    used 4724K, capacity 4957K, committed 4992K, reserved 1048576K
}
Event: 12.069 GC heap before
{Heap before GC invocations=10 (full 2):
 PSYoungGen      total 70656K, used 5104K [0x00000000e0000000, 0x00000000e4a00000, 0x0000000100000000)
  eden space 65536K, 0% used [0x00000000e0000000,0x00000000e0000000,0x00000000e4000000)
  from space 5120K, 99% used [0x00000000e4500000,0x00000000e49fc010,0x00000000e4a00000)
  to   space 5120K, 0% used [0x00000000e4000000,0x00000000e4000000,0x00000000e4500000)
 ParOldGen       total 67072K, used 22254K [0x00000000a0000000, 0x00000000a4180000, 0x00000000e0000000)
  object space 67072K, 33% used [0x00000000a0000000,0x00000000a15bb848,0x00000000a4180000)
 Metaspace       used 34557K, capacity 35392K, committed 35456K, reserved 1079296K
  class space    used 4724K, capacity 4957K, committed 4992K, reserved 1048576K
Event: 12.270 GC heap after
Heap after GC invocations=10 (full 2):
 PSYoungGen      total 70656K, used 0K [0x00000000e0000000, 0x00000000e4a00000, 0x0000000100000000)
  eden space 65536K, 0% used [0x00000000e0000000,0x00000000e0000000,0x00000000e4000000)
  from space 5120K, 0% used [0x00000000e4500000,0x00000000e4500000,0x00000000e4a00000)
  to   space 5120K, 0% used [0x00000000e4000000,0x00000000e4000000,0x00000000e4500000)
 ParOldGen       total 67072K, used 16914K [0x00000000a0000000, 0x00000000a4180000, 0x00000000e0000000)
  object space 67072K, 25% used [0x00000000a0000000,0x00000000a10849e0,0x00000000a4180000)
 Metaspace       used 34557K, capacity 35392K, committed 35456K, reserved 1079296K
  class space    used 4724K, capacity 4957K, committed 4992K, reserved 1048576K
}

